<?xml version="1.0" encoding="UTF-8"?>
<robot generator="Robot 4.1.3 (Python 3.10.1 on win32)" generated="20220113 09:40:02.329" rpa="false" schemaversion="2">
<suite id="s1" name="TestCasesAPIBooks" source="D:\projetos teste\SuiteSiteTestePractice\BooksAPI\TestCasesAPIBooks.robot">
<kw name="Conectar a minha API" library="ResourceAPI" type="SETUP">
<kw name="Create Session" library="RequestsLibrary">
<arg>fakeAPI</arg>
<arg>${URL_API}</arg>
<doc>Create Session: create a HTTP session to a server</doc>
<msg timestamp="20220113 09:40:02.509" level="INFO">Creating Session using : alias=fakeAPI, url=https://fakerestapi.azurewebsites.net/api/v1, headers={},                     cookies={}, auth=None, timeout=None, proxies=None, verify=False,                     debug=0 </msg>
<status status="PASS" starttime="20220113 09:40:02.509" endtime="20220113 09:40:02.509"/>
</kw>
<status status="PASS" starttime="20220113 09:40:02.508" endtime="20220113 09:40:02.510"/>
</kw>
<test id="s1-t1" name="TO-DO: Deletar um livro (DELETE)">
<kw name="Deletar o livro &quot;200&quot;" library="ResourceAPI">
<kw name="DELETE On Session" library="RequestsLibrary">
<var>${RESPOSTA}</var>
<arg>fakeAPI</arg>
<arg>/Books/200</arg>
<arg>expected_status=anything</arg>
<doc>Sends a DELETE request on a previously created HTTP Session.</doc>
<msg timestamp="20220113 09:40:03.789" level="INFO">DELETE Request : url=https://fakerestapi.azurewebsites.net/api/v1/Books/200 
 path_url=/api/v1/Books/200 
 headers={'User-Agent': 'python-requests/2.27.1', 'Accept-Encoding': 'gzip, deflate', 'Accept': '*/*', 'Connection': 'keep-alive', 'Content-Length': '0'} 
 body=None 
 </msg>
<msg timestamp="20220113 09:40:03.789" level="INFO">DELETE Response : url=https://fakerestapi.azurewebsites.net/api/v1/Books/200 
 status=200, reason=OK 
 headers={'Server': 'Kestrel', 'api-supported-versions': '1.0', 'Date': 'Thu, 13 Jan 2022 12:40:03 GMT', 'Content-Length': '0'} 
 body=None 
 </msg>
<msg timestamp="20220113 09:40:03.790" level="INFO">C:\Users\Victor\AppData\Local\Programs\Python\Python310\lib\site-packages\urllib3\connectionpool.py:1013: InsecureRequestWarning: Unverified HTTPS request is being made to host 'fakerestapi.azurewebsites.net'. Adding certificate verification is strongly advised. See: https://urllib3.readthedocs.io/en/1.26.x/advanced-usage.html#ssl-warnings
  warnings.warn(</msg>
<msg timestamp="20220113 09:40:03.791" level="INFO">${RESPOSTA} = &lt;Response [200]&gt;</msg>
<status status="PASS" starttime="20220113 09:40:02.511" endtime="20220113 09:40:03.791"/>
</kw>
<kw name="Log" library="BuiltIn">
<arg>${RESPOSTA.text}</arg>
<doc>Logs the given message with the given level.</doc>
<msg timestamp="20220113 09:40:03.793" level="INFO"/>
<status status="PASS" starttime="20220113 09:40:03.792" endtime="20220113 09:40:03.793"/>
</kw>
<kw name="Set Test Variable" library="BuiltIn">
<arg>${RESPOSTA}</arg>
<doc>Makes a variable available everywhere within the scope of the current test.</doc>
<msg timestamp="20220113 09:40:03.794" level="INFO">${RESPOSTA} = &lt;Response [200]&gt;</msg>
<status status="PASS" starttime="20220113 09:40:03.794" endtime="20220113 09:40:03.794"/>
</kw>
<status status="PASS" starttime="20220113 09:40:02.510" endtime="20220113 09:40:03.795"/>
</kw>
<kw name="Conferir se deleta o livro &quot;200&quot;" library="ResourceAPI">
<kw name="Should Be Empty" library="BuiltIn">
<arg>${RESPOSTA.content}</arg>
<doc>Verifies that the given item is empty.</doc>
<msg timestamp="20220113 09:40:03.798" level="INFO">Length is 0</msg>
<status status="PASS" starttime="20220113 09:40:03.796" endtime="20220113 09:40:03.798"/>
</kw>
<status status="PASS" starttime="20220113 09:40:03.795" endtime="20220113 09:40:03.798"/>
</kw>
<status status="PASS" starttime="20220113 09:40:02.510" endtime="20220113 09:40:03.800"/>
</test>
<doc>Documentação da API: https://fakerestapi.azurewebsites.net/swagger/ui/index#!/Books</doc>
<status status="PASS" starttime="20220113 09:40:02.332" endtime="20220113 09:40:03.802"/>
</suite>
<statistics>
<total>
<stat pass="1" fail="0" skip="0">All Tests</stat>
</total>
<tag>
</tag>
<suite>
<stat pass="1" fail="0" skip="0" id="s1" name="TestCasesAPIBooks">TestCasesAPIBooks</stat>
</suite>
</statistics>
<errors>
</errors>
</robot>
